\BOOKMARK [1][-]{section.1}{Exercise 1\)}{}% 1
\BOOKMARK [2][-]{subsection.1.1}{a\)}{section.1}% 2
\BOOKMARK [2][-]{subsection.1.2}{b\)}{section.1}% 3
\BOOKMARK [2][-]{subsection.1.3}{c\)}{section.1}% 4
\BOOKMARK [2][-]{subsection.1.4}{d\)}{section.1}% 5
\BOOKMARK [2][-]{subsection.1.5}{e\)}{section.1}% 6
\BOOKMARK [2][-]{subsection.1.6}{f\)}{section.1}% 7
\BOOKMARK [2][-]{subsection.1.7}{g\)}{section.1}% 8
\BOOKMARK [2][-]{subsection.1.8}{h\)}{section.1}% 9
\BOOKMARK [2][-]{subsection.1.9}{i\)}{section.1}% 10
\BOOKMARK [2][-]{subsection.1.10}{j\)}{section.1}% 11
\BOOKMARK [2][-]{subsection.1.11}{k\)}{section.1}% 12
\BOOKMARK [2][-]{subsection.1.12}{l\)}{section.1}% 13
\BOOKMARK [2][-]{subsection.1.13}{m\)}{section.1}% 14
\BOOKMARK [2][-]{subsection.1.14}{n\)}{section.1}% 15
\BOOKMARK [1][-]{section.2}{Codes}{}% 16
\BOOKMARK [2][-]{subsection.2.1}{c.py}{section.2}% 17
\BOOKMARK [2][-]{subsection.2.2}{e.py}{section.2}% 18
\BOOKMARK [2][-]{subsection.2.3}{j.py}{section.2}% 19
\BOOKMARK [2][-]{subsection.2.4}{n.py}{section.2}% 20
